<?xml version="1.0" encoding="UTF-8"?>
<coverage generated="1584571166786" clover="3.2.0">
  <project timestamp="1584571166786" name="All files">
    <metrics statements="138" coveredstatements="138" conditionals="72" coveredconditionals="72" methods="37" coveredmethods="37" elements="247" coveredelements="247" complexity="0" loc="138" ncloc="138" packages="1" files="6" classes="6"/>
    <file name="base.js" path="/Users/tom/Personal/ainsley/src/base.js">
      <metrics statements="0" coveredstatements="0" conditionals="0" coveredconditionals="0" methods="0" coveredmethods="0"/>
    </file>
    <file name="compiler.js" path="/Users/tom/Personal/ainsley/src/compiler.js">
      <metrics statements="47" coveredstatements="47" conditionals="24" coveredconditionals="24" methods="21" coveredmethods="21"/>
      <line num="3" count="4" type="stmt"/>
      <line num="13" count="4" type="stmt"/>
      <line num="16" count="36" type="cond" truecount="2" falsecount="0"/>
      <line num="17" count="45960" type="stmt"/>
      <line num="18" count="4" type="stmt"/>
      <line num="19" count="54" type="stmt"/>
      <line num="22" count="4" type="stmt"/>
      <line num="23" count="44" type="stmt"/>
      <line num="24" count="46" type="stmt"/>
      <line num="31" count="44" type="stmt"/>
      <line num="34" count="690" type="stmt"/>
      <line num="42" count="2226" type="stmt"/>
      <line num="43" count="2226" type="stmt"/>
      <line num="44" count="4752" type="stmt"/>
      <line num="46" count="2226" type="stmt"/>
      <line num="47" count="2244" type="stmt"/>
      <line num="48" count="2244" type="cond" truecount="2" falsecount="0"/>
      <line num="49" count="2284" type="stmt"/>
      <line num="50" count="2284" type="stmt"/>
      <line num="53" count="2226" type="stmt"/>
      <line num="54" count="2244" type="stmt"/>
      <line num="55" count="2244" type="cond" truecount="2" falsecount="0"/>
      <line num="56" count="2468" type="stmt"/>
      <line num="57" count="2468" type="stmt"/>
      <line num="60" count="2226" type="stmt"/>
      <line num="66" count="4" type="stmt"/>
      <line num="67" count="20" type="stmt"/>
      <line num="68" count="54" type="stmt"/>
      <line num="75" count="4" type="stmt"/>
      <line num="76" count="3" type="stmt"/>
      <line num="77" count="44" type="cond" truecount="2" falsecount="0"/>
      <line num="81" count="3" type="stmt"/>
      <line num="83" count="41" type="stmt"/>
      <line num="84" count="80" type="cond" truecount="2" falsecount="0"/>
      <line num="85" count="18" type="stmt"/>
      <line num="86" count="62" type="cond" truecount="2" falsecount="0"/>
      <line num="87" count="32" type="stmt"/>
      <line num="90" count="36480" type="stmt"/>
      <line num="94" count="34200" type="stmt"/>
      <line num="104" count="4" type="stmt"/>
      <line num="105" count="45632" type="cond" truecount="2" falsecount="0"/>
      <line num="110" count="34" type="stmt"/>
      <line num="113" count="4" type="stmt"/>
      <line num="116" count="4" type="stmt"/>
      <line num="117" count="1" type="stmt"/>
      <line num="118" count="1" type="stmt"/>
      <line num="119" count="4576" type="stmt"/>
    </file>
    <file name="compiler.lite.js" path="/Users/tom/Personal/ainsley/src/compiler.lite.js">
      <metrics statements="0" coveredstatements="0" conditionals="0" coveredconditionals="0" methods="0" coveredmethods="0"/>
    </file>
    <file name="lint.js" path="/Users/tom/Personal/ainsley/src/lint.js">
      <metrics statements="42" coveredstatements="42" conditionals="38" coveredconditionals="38" methods="6" coveredmethods="6"/>
      <line num="5" count="2" type="stmt"/>
      <line num="6" count="80" type="stmt"/>
      <line num="8" count="2" type="stmt"/>
      <line num="10" count="13" type="cond" truecount="3" falsecount="0"/>
      <line num="14" count="13" type="cond" truecount="2" falsecount="0"/>
      <line num="15" count="1" type="stmt"/>
      <line num="19" count="2" type="stmt"/>
      <line num="21" count="13" type="cond" truecount="3" falsecount="0"/>
      <line num="25" count="13" type="cond" truecount="2" falsecount="0"/>
      <line num="26" count="1" type="stmt"/>
      <line num="30" count="2" type="stmt"/>
      <line num="32" count="12" type="cond" truecount="3" falsecount="0"/>
      <line num="36" count="12" type="cond" truecount="2" falsecount="0"/>
      <line num="37" count="1" type="stmt"/>
      <line num="41" count="2" type="stmt"/>
      <line num="43" count="13" type="cond" truecount="3" falsecount="0"/>
      <line num="47" count="13" type="cond" truecount="2" falsecount="0"/>
      <line num="48" count="1" type="stmt"/>
      <line num="52" count="2" type="stmt"/>
      <line num="53" count="14" type="stmt"/>
      <line num="55" count="14" type="stmt"/>
      <line num="56" count="14" type="stmt"/>
      <line num="57" count="13" type="stmt"/>
      <line num="58" count="80" type="cond" truecount="2" falsecount="0"/>
      <line num="59" count="28" type="cond" truecount="2" falsecount="0"/>
      <line num="60" count="1" type="stmt"/>
      <line num="62" count="52" type="cond" truecount="2" falsecount="0"/>
      <line num="63" count="13" type="stmt"/>
      <line num="64" count="13" type="stmt"/>
      <line num="65" count="13" type="cond" truecount="2" falsecount="0"/>
      <line num="66" count="5" type="stmt"/>
      <line num="67" count="40" type="cond" truecount="2" falsecount="0"/>
      <line num="68" count="1" type="stmt"/>
      <line num="74" count="39" type="cond" truecount="2" falsecount="0"/>
      <line num="75" count="13" type="stmt"/>
      <line num="76" count="26" type="cond" truecount="2" falsecount="0"/>
      <line num="77" count="12" type="stmt"/>
      <line num="78" count="14" type="cond" truecount="2" falsecount="0"/>
      <line num="79" count="13" type="stmt"/>
      <line num="81" count="1" type="stmt"/>
      <line num="85" count="1" type="stmt"/>
      <line num="88" count="14" type="cond" truecount="2" falsecount="0"/>
    </file>
    <file name="tools.js" path="/Users/tom/Personal/ainsley/src/tools.js">
      <metrics statements="14" coveredstatements="14" conditionals="8" coveredconditionals="8" methods="3" coveredmethods="3"/>
      <line num="10" count="2" type="stmt"/>
      <line num="12" count="2" type="stmt"/>
      <line num="19" count="2" type="stmt"/>
      <line num="21" count="8" type="stmt"/>
      <line num="22" count="6" type="stmt"/>
      <line num="23" count="6" type="stmt"/>
      <line num="24" count="10" type="stmt"/>
      <line num="25" count="10" type="stmt"/>
      <line num="26" count="10" type="stmt"/>
      <line num="27" count="10" type="stmt"/>
      <line num="31" count="6" type="stmt"/>
      <line num="33" count="9" type="stmt"/>
      <line num="47" count="4" type="stmt"/>
      <line num="50" count="4" type="stmt"/>
    </file>
    <file name="utils.js" path="/Users/tom/Personal/ainsley/src/utils.js">
      <metrics statements="35" coveredstatements="35" conditionals="2" coveredconditionals="2" methods="7" coveredmethods="7"/>
      <line num="5" count="5" type="stmt"/>
      <line num="7" count="13443" type="stmt"/>
      <line num="10" count="13442" type="cond" truecount="2" falsecount="0"/>
      <line num="13" count="6716" type="stmt"/>
      <line num="16" count="6714" type="stmt"/>
      <line num="17" count="6714" type="stmt"/>
      <line num="18" count="6714" type="stmt"/>
      <line num="19" count="11211" type="stmt"/>
      <line num="22" count="6714" type="stmt"/>
      <line num="25" count="5" type="stmt"/>
      <line num="27" count="45961" type="stmt"/>
      <line num="28" count="45960" type="stmt"/>
      <line num="31" count="45959" type="stmt"/>
      <line num="32" count="45959" type="stmt"/>
      <line num="33" count="160937" type="stmt"/>
      <line num="34" count="45959" type="stmt"/>
      <line num="37" count="5" type="stmt"/>
      <line num="39" count="125" type="stmt"/>
      <line num="42" count="124" type="stmt"/>
      <line num="45" count="5" type="stmt"/>
      <line num="47" count="51" type="stmt"/>
      <line num="48" count="51" type="stmt"/>
      <line num="51" count="50" type="stmt"/>
      <line num="52" count="50" type="stmt"/>
      <line num="53" count="2425" type="stmt"/>
      <line num="54" count="50" type="stmt"/>
      <line num="57" count="5" type="stmt"/>
      <line num="59" count="14" type="stmt"/>
      <line num="60" count="13" type="stmt"/>
      <line num="63" count="9" type="stmt"/>
      <line num="64" count="9" type="stmt"/>
      <line num="65" count="9" type="stmt"/>
      <line num="66" count="25" type="stmt"/>
      <line num="67" count="94" type="stmt"/>
      <line num="69" count="9" type="stmt"/>
    </file>
  </project>
</coverage>
