<?xml version="1.0" encoding="UTF-8"?>
<coverage generated="1584565567020" clover="3.2.0">
  <project timestamp="1584565567020" name="All files">
    <metrics statements="89" coveredstatements="84" conditionals="49" coveredconditionals="40" methods="16" coveredmethods="14" elements="154" coveredelements="138" complexity="0" loc="89" ncloc="89" packages="1" files="4" classes="4"/>
    <file name="base.js" path="/Users/tom/Personal/ainsley/src/base.js">
      <metrics statements="0" coveredstatements="0" conditionals="0" coveredconditionals="0" methods="0" coveredmethods="0"/>
    </file>
    <file name="lint.js" path="/Users/tom/Personal/ainsley/src/lint.js">
      <metrics statements="42" coveredstatements="42" conditionals="38" coveredconditionals="38" methods="6" coveredmethods="6"/>
      <line num="5" count="1" type="stmt"/>
      <line num="6" count="63" type="stmt"/>
      <line num="8" count="1" type="stmt"/>
      <line num="10" count="10" type="cond" truecount="3" falsecount="0"/>
      <line num="14" count="10" type="cond" truecount="2" falsecount="0"/>
      <line num="15" count="1" type="stmt"/>
      <line num="19" count="1" type="stmt"/>
      <line num="21" count="10" type="cond" truecount="3" falsecount="0"/>
      <line num="25" count="10" type="cond" truecount="2" falsecount="0"/>
      <line num="26" count="1" type="stmt"/>
      <line num="30" count="1" type="stmt"/>
      <line num="32" count="9" type="cond" truecount="3" falsecount="0"/>
      <line num="36" count="9" type="cond" truecount="2" falsecount="0"/>
      <line num="37" count="1" type="stmt"/>
      <line num="41" count="1" type="stmt"/>
      <line num="43" count="10" type="cond" truecount="3" falsecount="0"/>
      <line num="47" count="10" type="cond" truecount="2" falsecount="0"/>
      <line num="48" count="1" type="stmt"/>
      <line num="52" count="1" type="stmt"/>
      <line num="53" count="11" type="stmt"/>
      <line num="55" count="11" type="stmt"/>
      <line num="56" count="11" type="stmt"/>
      <line num="57" count="10" type="stmt"/>
      <line num="58" count="63" type="cond" truecount="2" falsecount="0"/>
      <line num="59" count="23" type="cond" truecount="2" falsecount="0"/>
      <line num="60" count="1" type="stmt"/>
      <line num="62" count="40" type="cond" truecount="2" falsecount="0"/>
      <line num="63" count="10" type="stmt"/>
      <line num="64" count="10" type="stmt"/>
      <line num="65" count="10" type="cond" truecount="2" falsecount="0"/>
      <line num="66" count="2" type="stmt"/>
      <line num="67" count="35" type="cond" truecount="2" falsecount="0"/>
      <line num="68" count="1" type="stmt"/>
      <line num="74" count="30" type="cond" truecount="2" falsecount="0"/>
      <line num="75" count="10" type="stmt"/>
      <line num="76" count="20" type="cond" truecount="2" falsecount="0"/>
      <line num="77" count="9" type="stmt"/>
      <line num="78" count="11" type="cond" truecount="2" falsecount="0"/>
      <line num="79" count="10" type="stmt"/>
      <line num="81" count="1" type="stmt"/>
      <line num="85" count="1" type="stmt"/>
      <line num="88" count="11" type="cond" truecount="2" falsecount="0"/>
    </file>
    <file name="tools.js" path="/Users/tom/Personal/ainsley/src/tools.js">
      <metrics statements="12" coveredstatements="7" conditionals="9" coveredconditionals="0" methods="3" coveredmethods="1"/>
      <line num="10" count="1" type="stmt"/>
      <line num="12" count="1" type="stmt"/>
      <line num="14" count="1" type="stmt"/>
      <line num="15" count="1" type="stmt"/>
      <line num="16" count="0" type="stmt"/>
      <line num="17" count="0" type="stmt"/>
      <line num="18" count="0" type="stmt"/>
      <line num="19" count="0" type="stmt"/>
      <line num="23" count="1" type="stmt"/>
      <line num="25" count="0" type="stmt"/>
      <line num="44" count="1" type="stmt"/>
      <line num="47" count="1" type="stmt"/>
    </file>
    <file name="utils.js" path="/Users/tom/Personal/ainsley/src/utils.js">
      <metrics statements="35" coveredstatements="35" conditionals="2" coveredconditionals="2" methods="7" coveredmethods="7"/>
      <line num="5" count="2" type="stmt"/>
      <line num="7" count="33" type="stmt"/>
      <line num="10" count="32" type="cond" truecount="2" falsecount="0"/>
      <line num="13" count="20" type="stmt"/>
      <line num="16" count="18" type="stmt"/>
      <line num="17" count="18" type="stmt"/>
      <line num="18" count="18" type="stmt"/>
      <line num="19" count="27" type="stmt"/>
      <line num="22" count="18" type="stmt"/>
      <line num="25" count="2" type="stmt"/>
      <line num="27" count="3" type="stmt"/>
      <line num="28" count="2" type="stmt"/>
      <line num="31" count="1" type="stmt"/>
      <line num="32" count="1" type="stmt"/>
      <line num="33" count="4" type="stmt"/>
      <line num="34" count="1" type="stmt"/>
      <line num="37" count="2" type="stmt"/>
      <line num="39" count="8" type="stmt"/>
      <line num="42" count="7" type="stmt"/>
      <line num="45" count="2" type="stmt"/>
      <line num="47" count="4" type="stmt"/>
      <line num="48" count="3" type="stmt"/>
      <line num="51" count="2" type="stmt"/>
      <line num="52" count="2" type="stmt"/>
      <line num="53" count="21" type="stmt"/>
      <line num="54" count="2" type="stmt"/>
      <line num="57" count="2" type="stmt"/>
      <line num="59" count="5" type="stmt"/>
      <line num="60" count="4" type="stmt"/>
      <line num="63" count="2" type="stmt"/>
      <line num="64" count="2" type="stmt"/>
      <line num="65" count="2" type="stmt"/>
      <line num="66" count="4" type="stmt"/>
      <line num="67" count="5" type="stmt"/>
      <line num="69" count="2" type="stmt"/>
    </file>
  </project>
</coverage>
