{"/Users/tom/Personal/ainsley/src/base.js": {"path":"/Users/tom/Personal/ainsley/src/base.js","statementMap":{},"fnMap":{},"branchMap":{},"s":{},"f":{},"b":{},"_coverageSchema":"1a1c01bbd47fc00a2c39e90264f33305004495a9","hash":"23461a73f31ae71f9981d530fbb29f470f8af4be"}
,"/Users/tom/Personal/ainsley/src/lint.js": {"path":"/Users/tom/Personal/ainsley/src/lint.js","statementMap":{"0":{"start":{"line":5,"column":14},"end":{"line":5,"column":59}},"1":{"start":{"line":6,"column":19},"end":{"line":6,"column":41}},"2":{"start":{"line":6,"column":26},"end":{"line":6,"column":41}},"3":{"start":{"line":8,"column":18},"end":{"line":17,"column":1}},"4":{"start":{"line":10,"column":4},"end":{"line":12,"column":68}},"5":{"start":{"line":14,"column":2},"end":{"line":16,"column":3}},"6":{"start":{"line":15,"column":4},"end":{"line":15,"column":37}},"7":{"start":{"line":19,"column":19},"end":{"line":28,"column":1}},"8":{"start":{"line":21,"column":4},"end":{"line":23,"column":68}},"9":{"start":{"line":25,"column":2},"end":{"line":27,"column":3}},"10":{"start":{"line":26,"column":4},"end":{"line":26,"column":38}},"11":{"start":{"line":30,"column":17},"end":{"line":39,"column":1}},"12":{"start":{"line":32,"column":4},"end":{"line":34,"column":68}},"13":{"start":{"line":36,"column":2},"end":{"line":38,"column":3}},"14":{"start":{"line":37,"column":4},"end":{"line":37,"column":36}},"15":{"start":{"line":41,"column":18},"end":{"line":50,"column":1}},"16":{"start":{"line":43,"column":4},"end":{"line":45,"column":68}},"17":{"start":{"line":47,"column":2},"end":{"line":49,"column":3}},"18":{"start":{"line":48,"column":4},"end":{"line":48,"column":37}},"19":{"start":{"line":52,"column":13},"end":{"line":89,"column":1}},"20":{"start":{"line":53,"column":17},"end":{"line":53,"column":19}},"21":{"start":{"line":55,"column":2},"end":{"line":86,"column":3}},"22":{"start":{"line":56,"column":21},"end":{"line":56,"column":49}},"23":{"start":{"line":57,"column":4},"end":{"line":83,"column":5}},"24":{"start":{"line":58,"column":6},"end":{"line":82,"column":7}},"25":{"start":{"line":59,"column":8},"end":{"line":61,"column":9}},"26":{"start":{"line":60,"column":10},"end":{"line":60,"column":70}},"27":{"start":{"line":62,"column":13},"end":{"line":82,"column":7}},"28":{"start":{"line":63,"column":8},"end":{"line":63,"column":40}},"29":{"start":{"line":64,"column":22},"end":{"line":64,"column":51}},"30":{"start":{"line":65,"column":8},"end":{"line":73,"column":9}},"31":{"start":{"line":66,"column":10},"end":{"line":72,"column":11}},"32":{"start":{"line":66,"column":23},"end":{"line":66,"column":24}},"33":{"start":{"line":67,"column":12},"end":{"line":71,"column":13}},"34":{"start":{"line":68,"column":14},"end":{"line":70,"column":16}},"35":{"start":{"line":74,"column":13},"end":{"line":82,"column":7}},"36":{"start":{"line":75,"column":8},"end":{"line":75,"column":42}},"37":{"start":{"line":76,"column":13},"end":{"line":82,"column":7}},"38":{"start":{"line":77,"column":8},"end":{"line":77,"column":38}},"39":{"start":{"line":78,"column":13},"end":{"line":82,"column":7}},"40":{"start":{"line":79,"column":8},"end":{"line":79,"column":40}},"41":{"start":{"line":81,"column":8},"end":{"line":81,"column":53}},"42":{"start":{"line":85,"column":4},"end":{"line":85,"column":53}},"43":{"start":{"line":88,"column":2},"end":{"line":88,"column":39}}},"fnMap":{"0":{"name":"(anonymous_0)","decl":{"start":{"line":6,"column":19},"end":{"line":6,"column":20}},"loc":{"start":{"line":6,"column":26},"end":{"line":6,"column":41}},"line":6},"1":{"name":"(anonymous_1)","decl":{"start":{"line":8,"column":18},"end":{"line":8,"column":19}},"loc":{"start":{"line":8,"column":36},"end":{"line":17,"column":1}},"line":8},"2":{"name":"(anonymous_2)","decl":{"start":{"line":19,"column":19},"end":{"line":19,"column":20}},"loc":{"start":{"line":19,"column":38},"end":{"line":28,"column":1}},"line":19},"3":{"name":"(anonymous_3)","decl":{"start":{"line":30,"column":17},"end":{"line":30,"column":18}},"loc":{"start":{"line":30,"column":34},"end":{"line":39,"column":1}},"line":30},"4":{"name":"(anonymous_4)","decl":{"start":{"line":41,"column":18},"end":{"line":41,"column":19}},"loc":{"start":{"line":41,"column":36},"end":{"line":50,"column":1}},"line":41},"5":{"name":"(anonymous_5)","decl":{"start":{"line":52,"column":13},"end":{"line":52,"column":14}},"loc":{"start":{"line":52,"column":24},"end":{"line":89,"column":1}},"line":52}},"branchMap":{"0":{"loc":{"start":{"line":10,"column":4},"end":{"line":12,"column":68}},"type":"binary-expr","locations":[{"start":{"line":10,"column":4},"end":{"line":10,"column":21}},{"start":{"line":11,"column":4},"end":{"line":11,"column":8}},{"start":{"line":12,"column":4},"end":{"line":12,"column":68}}],"line":10},"1":{"loc":{"start":{"line":14,"column":2},"end":{"line":16,"column":3}},"type":"if","locations":[{"start":{"line":14,"column":2},"end":{"line":16,"column":3}},{"start":{"line":14,"column":2},"end":{"line":16,"column":3}}],"line":14},"2":{"loc":{"start":{"line":21,"column":4},"end":{"line":23,"column":68}},"type":"binary-expr","locations":[{"start":{"line":21,"column":4},"end":{"line":21,"column":22}},{"start":{"line":22,"column":4},"end":{"line":22,"column":8}},{"start":{"line":23,"column":4},"end":{"line":23,"column":68}}],"line":21},"3":{"loc":{"start":{"line":25,"column":2},"end":{"line":27,"column":3}},"type":"if","locations":[{"start":{"line":25,"column":2},"end":{"line":27,"column":3}},{"start":{"line":25,"column":2},"end":{"line":27,"column":3}}],"line":25},"4":{"loc":{"start":{"line":32,"column":4},"end":{"line":34,"column":68}},"type":"binary-expr","locations":[{"start":{"line":32,"column":4},"end":{"line":32,"column":20}},{"start":{"line":33,"column":4},"end":{"line":33,"column":8}},{"start":{"line":34,"column":4},"end":{"line":34,"column":68}}],"line":32},"5":{"loc":{"start":{"line":36,"column":2},"end":{"line":38,"column":3}},"type":"if","locations":[{"start":{"line":36,"column":2},"end":{"line":38,"column":3}},{"start":{"line":36,"column":2},"end":{"line":38,"column":3}}],"line":36},"6":{"loc":{"start":{"line":43,"column":4},"end":{"line":45,"column":68}},"type":"binary-expr","locations":[{"start":{"line":43,"column":4},"end":{"line":43,"column":21}},{"start":{"line":44,"column":4},"end":{"line":44,"column":8}},{"start":{"line":45,"column":4},"end":{"line":45,"column":68}}],"line":43},"7":{"loc":{"start":{"line":47,"column":2},"end":{"line":49,"column":3}},"type":"if","locations":[{"start":{"line":47,"column":2},"end":{"line":49,"column":3}},{"start":{"line":47,"column":2},"end":{"line":49,"column":3}}],"line":47},"8":{"loc":{"start":{"line":58,"column":6},"end":{"line":82,"column":7}},"type":"if","locations":[{"start":{"line":58,"column":6},"end":{"line":82,"column":7}},{"start":{"line":58,"column":6},"end":{"line":82,"column":7}}],"line":58},"9":{"loc":{"start":{"line":59,"column":8},"end":{"line":61,"column":9}},"type":"if","locations":[{"start":{"line":59,"column":8},"end":{"line":61,"column":9}},{"start":{"line":59,"column":8},"end":{"line":61,"column":9}}],"line":59},"10":{"loc":{"start":{"line":62,"column":13},"end":{"line":82,"column":7}},"type":"if","locations":[{"start":{"line":62,"column":13},"end":{"line":82,"column":7}},{"start":{"line":62,"column":13},"end":{"line":82,"column":7}}],"line":62},"11":{"loc":{"start":{"line":65,"column":8},"end":{"line":73,"column":9}},"type":"if","locations":[{"start":{"line":65,"column":8},"end":{"line":73,"column":9}},{"start":{"line":65,"column":8},"end":{"line":73,"column":9}}],"line":65},"12":{"loc":{"start":{"line":67,"column":12},"end":{"line":71,"column":13}},"type":"if","locations":[{"start":{"line":67,"column":12},"end":{"line":71,"column":13}},{"start":{"line":67,"column":12},"end":{"line":71,"column":13}}],"line":67},"13":{"loc":{"start":{"line":74,"column":13},"end":{"line":82,"column":7}},"type":"if","locations":[{"start":{"line":74,"column":13},"end":{"line":82,"column":7}},{"start":{"line":74,"column":13},"end":{"line":82,"column":7}}],"line":74},"14":{"loc":{"start":{"line":76,"column":13},"end":{"line":82,"column":7}},"type":"if","locations":[{"start":{"line":76,"column":13},"end":{"line":82,"column":7}},{"start":{"line":76,"column":13},"end":{"line":82,"column":7}}],"line":76},"15":{"loc":{"start":{"line":78,"column":13},"end":{"line":82,"column":7}},"type":"if","locations":[{"start":{"line":78,"column":13},"end":{"line":82,"column":7}},{"start":{"line":78,"column":13},"end":{"line":82,"column":7}}],"line":78},"16":{"loc":{"start":{"line":88,"column":9},"end":{"line":88,"column":38}},"type":"cond-expr","locations":[{"start":{"line":88,"column":25},"end":{"line":88,"column":31}},{"start":{"line":88,"column":34},"end":{"line":88,"column":38}}],"line":88}},"s":{"0":1,"1":1,"2":63,"3":1,"4":10,"5":10,"6":1,"7":1,"8":10,"9":10,"10":1,"11":1,"12":9,"13":9,"14":1,"15":1,"16":10,"17":10,"18":1,"19":1,"20":11,"21":11,"22":11,"23":10,"24":63,"25":23,"26":1,"27":40,"28":10,"29":10,"30":10,"31":2,"32":2,"33":35,"34":1,"35":30,"36":10,"37":20,"38":9,"39":11,"40":10,"41":1,"42":1,"43":11},"f":{"0":63,"1":10,"2":10,"3":9,"4":10,"5":11},"b":{"0":[10,9,9],"1":[1,9],"2":[10,9,9],"3":[1,9],"4":[9,8,8],"5":[1,8],"6":[10,9,9],"7":[1,9],"8":[23,40],"9":[1,22],"10":[10,30],"11":[2,8],"12":[1,34],"13":[10,20],"14":[9,11],"15":[10,1],"16":[8,3]},"_coverageSchema":"1a1c01bbd47fc00a2c39e90264f33305004495a9","hash":"8c41da303071ec508c045d80232c20e54f47f3b8"}
,"/Users/tom/Personal/ainsley/src/tools.js": {"path":"/Users/tom/Personal/ainsley/src/tools.js","statementMap":{"0":{"start":{"line":10,"column":20},"end":{"line":10,"column":30}},"1":{"start":{"line":12,"column":22},"end":{"line":48,"column":1}},"2":{"start":{"line":14,"column":2},"end":{"line":14,"column":49}},"3":{"start":{"line":15,"column":2},"end":{"line":20,"column":5}},"4":{"start":{"line":16,"column":4},"end":{"line":16,"column":63}},"5":{"start":{"line":17,"column":4},"end":{"line":17,"column":64}},"6":{"start":{"line":18,"column":4},"end":{"line":18,"column":62}},"7":{"start":{"line":19,"column":4},"end":{"line":19,"column":63}},"8":{"start":{"line":23,"column":17},"end":{"line":41,"column":3}},"9":{"start":{"line":25,"column":6},"end":{"line":34,"column":8}},"10":{"start":{"line":44,"column":2},"end":{"line":44,"column":15}},"11":{"start":{"line":47,"column":2},"end":{"line":47,"column":16}}},"fnMap":{"0":{"name":"(anonymous_0)","decl":{"start":{"line":12,"column":22},"end":{"line":12,"column":23}},"loc":{"start":{"line":12,"column":34},"end":{"line":48,"column":1}},"line":12},"1":{"name":"(anonymous_1)","decl":{"start":{"line":15,"column":19},"end":{"line":15,"column":20}},"loc":{"start":{"line":15,"column":33},"end":{"line":20,"column":3}},"line":15},"2":{"name":"(anonymous_2)","decl":{"start":{"line":24,"column":4},"end":{"line":24,"column":5}},"loc":{"start":{"line":25,"column":6},"end":{"line":34,"column":8}},"line":25}},"branchMap":{"0":{"loc":{"start":{"line":24,"column":14},"end":{"line":24,"column":23}},"type":"default-arg","locations":[{"start":{"line":24,"column":21},"end":{"line":24,"column":23}}],"line":24},"1":{"loc":{"start":{"line":29,"column":36},"end":{"line":29,"column":51}},"type":"binary-expr","locations":[{"start":{"line":29,"column":36},"end":{"line":29,"column":45}},{"start":{"line":29,"column":49},"end":{"line":29,"column":51}}],"line":29},"2":{"loc":{"start":{"line":30,"column":38},"end":{"line":30,"column":54}},"type":"binary-expr","locations":[{"start":{"line":30,"column":38},"end":{"line":30,"column":48}},{"start":{"line":30,"column":52},"end":{"line":30,"column":54}}],"line":30},"3":{"loc":{"start":{"line":31,"column":34},"end":{"line":31,"column":48}},"type":"binary-expr","locations":[{"start":{"line":31,"column":34},"end":{"line":31,"column":42}},{"start":{"line":31,"column":46},"end":{"line":31,"column":48}}],"line":31},"4":{"loc":{"start":{"line":32,"column":36},"end":{"line":32,"column":51}},"type":"binary-expr","locations":[{"start":{"line":32,"column":36},"end":{"line":32,"column":45}},{"start":{"line":32,"column":49},"end":{"line":32,"column":51}}],"line":32}},"s":{"0":1,"1":1,"2":1,"3":1,"4":0,"5":0,"6":0,"7":0,"8":1,"9":0,"10":1,"11":1},"f":{"0":1,"1":0,"2":0},"b":{"0":[0],"1":[0,0],"2":[0,0],"3":[0,0],"4":[0,0]},"_coverageSchema":"1a1c01bbd47fc00a2c39e90264f33305004495a9","hash":"4f761ba3e2d863eb049ca79968eba162bb088c3e"}
,"/Users/tom/Personal/ainsley/src/utils.js": {"path":"/Users/tom/Personal/ainsley/src/utils.js","statementMap":{"0":{"start":{"line":5,"column":25},"end":{"line":23,"column":1}},"1":{"start":{"line":7,"column":2},"end":{"line":7,"column":33}},"2":{"start":{"line":10,"column":2},"end":{"line":10,"column":42}},"3":{"start":{"line":10,"column":31},"end":{"line":10,"column":42}},"4":{"start":{"line":13,"column":2},"end":{"line":13,"column":26}},"5":{"start":{"line":16,"column":14},"end":{"line":16,"column":16}},"6":{"start":{"line":17,"column":14},"end":{"line":17,"column":24}},"7":{"start":{"line":18,"column":2},"end":{"line":20,"column":3}},"8":{"start":{"line":18,"column":15},"end":{"line":18,"column":16}},"9":{"start":{"line":19,"column":4},"end":{"line":19,"column":32}},"10":{"start":{"line":22,"column":2},"end":{"line":22,"column":13}},"11":{"start":{"line":25,"column":19},"end":{"line":35,"column":1}},"12":{"start":{"line":27,"column":2},"end":{"line":27,"column":26}},"13":{"start":{"line":28,"column":2},"end":{"line":28,"column":28}},"14":{"start":{"line":31,"column":14},"end":{"line":31,"column":16}},"15":{"start":{"line":32,"column":14},"end":{"line":32,"column":24}},"16":{"start":{"line":33,"column":2},"end":{"line":33,"column":53}},"17":{"start":{"line":33,"column":15},"end":{"line":33,"column":16}},"18":{"start":{"line":33,"column":32},"end":{"line":33,"column":53}},"19":{"start":{"line":34,"column":2},"end":{"line":34,"column":13}},"20":{"start":{"line":37,"column":20},"end":{"line":43,"column":1}},"21":{"start":{"line":39,"column":2},"end":{"line":39,"column":35}},"22":{"start":{"line":42,"column":2},"end":{"line":42,"column":34}},"23":{"start":{"line":45,"column":28},"end":{"line":55,"column":1}},"24":{"start":{"line":47,"column":2},"end":{"line":47,"column":35}},"25":{"start":{"line":48,"column":2},"end":{"line":48,"column":44}},"26":{"start":{"line":51,"column":13},"end":{"line":51,"column":17}},"27":{"start":{"line":52,"column":2},"end":{"line":53,"column":79}},"28":{"start":{"line":53,"column":4},"end":{"line":53,"column":79}},"29":{"start":{"line":53,"column":40},"end":{"line":53,"column":76}},"30":{"start":{"line":53,"column":57},"end":{"line":53,"column":75}},"31":{"start":{"line":54,"column":2},"end":{"line":54,"column":14}},"32":{"start":{"line":57,"column":22},"end":{"line":70,"column":1}},"33":{"start":{"line":59,"column":2},"end":{"line":59,"column":38}},"34":{"start":{"line":60,"column":2},"end":{"line":60,"column":48}},"35":{"start":{"line":63,"column":14},"end":{"line":63,"column":16}},"36":{"start":{"line":64,"column":14},"end":{"line":64,"column":28}},"37":{"start":{"line":65,"column":2},"end":{"line":68,"column":3}},"38":{"start":{"line":65,"column":15},"end":{"line":65,"column":16}},"39":{"start":{"line":66,"column":14},"end":{"line":66,"column":24}},"40":{"start":{"line":67,"column":4},"end":{"line":67,"column":57}},"41":{"start":{"line":67,"column":29},"end":{"line":67,"column":57}},"42":{"start":{"line":69,"column":2},"end":{"line":69,"column":13}}},"fnMap":{"0":{"name":"(anonymous_0)","decl":{"start":{"line":5,"column":25},"end":{"line":5,"column":26}},"loc":{"start":{"line":5,"column":32},"end":{"line":23,"column":1}},"line":5},"1":{"name":"(anonymous_1)","decl":{"start":{"line":25,"column":19},"end":{"line":25,"column":20}},"loc":{"start":{"line":25,"column":32},"end":{"line":35,"column":1}},"line":25},"2":{"name":"(anonymous_2)","decl":{"start":{"line":37,"column":20},"end":{"line":37,"column":21}},"loc":{"start":{"line":37,"column":27},"end":{"line":43,"column":1}},"line":37},"3":{"name":"(anonymous_3)","decl":{"start":{"line":45,"column":28},"end":{"line":45,"column":29}},"loc":{"start":{"line":45,"column":36},"end":{"line":55,"column":1}},"line":45},"4":{"name":"(anonymous_4)","decl":{"start":{"line":53,"column":33},"end":{"line":53,"column":34}},"loc":{"start":{"line":53,"column":40},"end":{"line":53,"column":76}},"line":53},"5":{"name":"(anonymous_5)","decl":{"start":{"line":53,"column":49},"end":{"line":53,"column":50}},"loc":{"start":{"line":53,"column":57},"end":{"line":53,"column":75}},"line":53},"6":{"name":"(anonymous_6)","decl":{"start":{"line":57,"column":22},"end":{"line":57,"column":23}},"loc":{"start":{"line":57,"column":33},"end":{"line":70,"column":1}},"line":57}},"branchMap":{"0":{"loc":{"start":{"line":10,"column":2},"end":{"line":10,"column":42}},"type":"if","locations":[{"start":{"line":10,"column":2},"end":{"line":10,"column":42}},{"start":{"line":10,"column":2},"end":{"line":10,"column":42}}],"line":10}},"s":{"0":2,"1":33,"2":32,"3":12,"4":20,"5":18,"6":18,"7":18,"8":18,"9":27,"10":18,"11":2,"12":3,"13":2,"14":1,"15":1,"16":1,"17":1,"18":4,"19":1,"20":2,"21":8,"22":7,"23":2,"24":4,"25":3,"26":2,"27":2,"28":6,"29":10,"30":21,"31":2,"32":2,"33":5,"34":4,"35":2,"36":2,"37":2,"38":2,"39":4,"40":4,"41":5,"42":2},"f":{"0":33,"1":3,"2":8,"3":4,"4":10,"5":21,"6":5},"b":{"0":[12,20]},"_coverageSchema":"1a1c01bbd47fc00a2c39e90264f33305004495a9","hash":"eda8d1cb271848470abdc241f3857171bcd883bc"}
}
