{"/Users/tom/Personal/ainsley/src/compiler.js": {"path":"/Users/tom/Personal/ainsley/src/compiler.js","statementMap":{"0":{"start":{"line":3,"column":27},"end":{"line":11,"column":1}},"1":{"start":{"line":13,"column":29},"end":{"line":13,"column":43}},"2":{"start":{"line":16,"column":16},"end":{"line":16,"column":43}},"3":{"start":{"line":16,"column":21},"end":{"line":16,"column":43}},"4":{"start":{"line":17,"column":27},"end":{"line":17,"column":67}},"5":{"start":{"line":17,"column":38},"end":{"line":17,"column":67}},"6":{"start":{"line":18,"column":21},"end":{"line":18,"column":50}},"7":{"start":{"line":18,"column":28},"end":{"line":18,"column":50}},"8":{"start":{"line":19,"column":20},"end":{"line":19,"column":43}},"9":{"start":{"line":19,"column":25},"end":{"line":19,"column":43}},"10":{"start":{"line":22,"column":26},"end":{"line":63,"column":1}},"11":{"start":{"line":23,"column":15},"end":{"line":29,"column":3}},"12":{"start":{"line":24,"column":21},"end":{"line":27,"column":5}},"13":{"start":{"line":31,"column":2},"end":{"line":62,"column":4}},"14":{"start":{"line":34,"column":8},"end":{"line":38,"column":10}},"15":{"start":{"line":34,"column":48},"end":{"line":38,"column":9}},"16":{"start":{"line":42,"column":20},"end":{"line":42,"column":38}},"17":{"start":{"line":43,"column":6},"end":{"line":45,"column":7}},"18":{"start":{"line":43,"column":19},"end":{"line":43,"column":20}},"19":{"start":{"line":44,"column":8},"end":{"line":44,"column":53}},"20":{"start":{"line":46,"column":6},"end":{"line":52,"column":7}},"21":{"start":{"line":46,"column":19},"end":{"line":46,"column":20}},"22":{"start":{"line":47,"column":21},"end":{"line":47,"column":32}},"23":{"start":{"line":48,"column":8},"end":{"line":51,"column":9}},"24":{"start":{"line":49,"column":24},"end":{"line":49,"column":36}},"25":{"start":{"line":50,"column":10},"end":{"line":50,"column":56}},"26":{"start":{"line":53,"column":6},"end":{"line":59,"column":7}},"27":{"start":{"line":53,"column":19},"end":{"line":53,"column":20}},"28":{"start":{"line":54,"column":21},"end":{"line":54,"column":32}},"29":{"start":{"line":55,"column":8},"end":{"line":58,"column":9}},"30":{"start":{"line":56,"column":24},"end":{"line":56,"column":36}},"31":{"start":{"line":57,"column":10},"end":{"line":57,"column":56}},"32":{"start":{"line":60,"column":6},"end":{"line":60,"column":19}},"33":{"start":{"line":66,"column":27},"end":{"line":72,"column":1}},"34":{"start":{"line":67,"column":21},"end":{"line":67,"column":62}},"35":{"start":{"line":68,"column":2},"end":{"line":71,"column":5}},"36":{"start":{"line":68,"column":31},"end":{"line":71,"column":3}},"37":{"start":{"line":75,"column":28},"end":{"line":102,"column":1}},"38":{"start":{"line":76,"column":14},"end":{"line":80,"column":3}},"39":{"start":{"line":77,"column":40},"end":{"line":77,"column":64}},"40":{"start":{"line":81,"column":2},"end":{"line":101,"column":4}},"41":{"start":{"line":83,"column":6},"end":{"line":99,"column":13}},"42":{"start":{"line":84,"column":8},"end":{"line":98,"column":9}},"43":{"start":{"line":85,"column":10},"end":{"line":85,"column":21}},"44":{"start":{"line":86,"column":15},"end":{"line":98,"column":9}},"45":{"start":{"line":87,"column":10},"end":{"line":92,"column":12}},"46":{"start":{"line":90,"column":34},"end":{"line":90,"column":73}},"47":{"start":{"line":94,"column":10},"end":{"line":97,"column":13}},"48":{"start":{"line":94,"column":37},"end":{"line":97,"column":11}},"49":{"start":{"line":104,"column":25},"end":{"line":107,"column":66}},"50":{"start":{"line":105,"column":2},"end":{"line":107,"column":66}},"51":{"start":{"line":110,"column":24},"end":{"line":110,"column":59}},"52":{"start":{"line":110,"column":31},"end":{"line":110,"column":59}},"53":{"start":{"line":113,"column":28},"end":{"line":113,"column":70}},"54":{"start":{"line":113,"column":39},"end":{"line":113,"column":70}},"55":{"start":{"line":116,"column":29},"end":{"line":121,"column":1}},"56":{"start":{"line":117,"column":14},"end":{"line":117,"column":35}},"57":{"start":{"line":118,"column":2},"end":{"line":120,"column":3}},"58":{"start":{"line":118,"column":15},"end":{"line":118,"column":29}},"59":{"start":{"line":119,"column":4},"end":{"line":119,"column":48}},"60":{"start":{"line":123,"column":0},"end":{"line":123,"column":51}},"61":{"start":{"line":123,"column":21},"end":{"line":123,"column":51}}},"fnMap":{"0":{"name":"(anonymous_0)","decl":{"start":{"line":16,"column":16},"end":{"line":16,"column":17}},"loc":{"start":{"line":16,"column":21},"end":{"line":16,"column":43}},"line":16},"1":{"name":"(anonymous_1)","decl":{"start":{"line":17,"column":27},"end":{"line":17,"column":28}},"loc":{"start":{"line":17,"column":38},"end":{"line":17,"column":67}},"line":17},"2":{"name":"(anonymous_2)","decl":{"start":{"line":18,"column":21},"end":{"line":18,"column":22}},"loc":{"start":{"line":18,"column":28},"end":{"line":18,"column":50}},"line":18},"3":{"name":"(anonymous_3)","decl":{"start":{"line":19,"column":20},"end":{"line":19,"column":21}},"loc":{"start":{"line":19,"column":25},"end":{"line":19,"column":43}},"line":19},"4":{"name":"(anonymous_4)","decl":{"start":{"line":22,"column":26},"end":{"line":22,"column":27}},"loc":{"start":{"line":22,"column":48},"end":{"line":63,"column":1}},"line":22},"5":{"name":"(anonymous_5)","decl":{"start":{"line":24,"column":4},"end":{"line":24,"column":5}},"loc":{"start":{"line":24,"column":21},"end":{"line":27,"column":5}},"line":24},"6":{"name":"(anonymous_6)","decl":{"start":{"line":33,"column":35},"end":{"line":33,"column":36}},"loc":{"start":{"line":34,"column":8},"end":{"line":38,"column":10}},"line":34},"7":{"name":"(anonymous_7)","decl":{"start":{"line":34,"column":40},"end":{"line":34,"column":41}},"loc":{"start":{"line":34,"column":48},"end":{"line":38,"column":9}},"line":34},"8":{"name":"(anonymous_8)","decl":{"start":{"line":41,"column":4},"end":{"line":41,"column":5}},"loc":{"start":{"line":41,"column":12},"end":{"line":61,"column":5}},"line":41},"9":{"name":"(anonymous_9)","decl":{"start":{"line":66,"column":27},"end":{"line":66,"column":28}},"loc":{"start":{"line":66,"column":35},"end":{"line":72,"column":1}},"line":66},"10":{"name":"(anonymous_10)","decl":{"start":{"line":68,"column":22},"end":{"line":68,"column":23}},"loc":{"start":{"line":68,"column":31},"end":{"line":71,"column":3}},"line":68},"11":{"name":"(anonymous_11)","decl":{"start":{"line":75,"column":28},"end":{"line":75,"column":29}},"loc":{"start":{"line":75,"column":39},"end":{"line":102,"column":1}},"line":75},"12":{"name":"(anonymous_12)","decl":{"start":{"line":77,"column":33},"end":{"line":77,"column":34}},"loc":{"start":{"line":77,"column":40},"end":{"line":77,"column":64}},"line":77},"13":{"name":"(anonymous_13)","decl":{"start":{"line":82,"column":61},"end":{"line":82,"column":62}},"loc":{"start":{"line":83,"column":6},"end":{"line":99,"column":13}},"line":83},"14":{"name":"(anonymous_14)","decl":{"start":{"line":83,"column":18},"end":{"line":83,"column":19}},"loc":{"start":{"line":83,"column":33},"end":{"line":99,"column":7}},"line":83},"15":{"name":"(anonymous_15)","decl":{"start":{"line":90,"column":23},"end":{"line":90,"column":24}},"loc":{"start":{"line":90,"column":34},"end":{"line":90,"column":73}},"line":90},"16":{"name":"(anonymous_16)","decl":{"start":{"line":94,"column":26},"end":{"line":94,"column":27}},"loc":{"start":{"line":94,"column":37},"end":{"line":97,"column":11}},"line":94},"17":{"name":"(anonymous_17)","decl":{"start":{"line":104,"column":25},"end":{"line":104,"column":26}},"loc":{"start":{"line":105,"column":2},"end":{"line":107,"column":66}},"line":105},"18":{"name":"(anonymous_18)","decl":{"start":{"line":110,"column":24},"end":{"line":110,"column":25}},"loc":{"start":{"line":110,"column":31},"end":{"line":110,"column":59}},"line":110},"19":{"name":"(anonymous_19)","decl":{"start":{"line":113,"column":28},"end":{"line":113,"column":29}},"loc":{"start":{"line":113,"column":39},"end":{"line":113,"column":70}},"line":113},"20":{"name":"(anonymous_20)","decl":{"start":{"line":116,"column":29},"end":{"line":116,"column":30}},"loc":{"start":{"line":116,"column":54},"end":{"line":121,"column":1}},"line":116}},"branchMap":{"0":{"loc":{"start":{"line":16,"column":21},"end":{"line":16,"column":43}},"type":"binary-expr","locations":[{"start":{"line":16,"column":21},"end":{"line":16,"column":35}},{"start":{"line":16,"column":39},"end":{"line":16,"column":43}}],"line":16},"1":{"loc":{"start":{"line":25,"column":22},"end":{"line":25,"column":56}},"type":"binary-expr","locations":[{"start":{"line":25,"column":22},"end":{"line":25,"column":50}},{"start":{"line":25,"column":54},"end":{"line":25,"column":56}}],"line":25},"2":{"loc":{"start":{"line":26,"column":22},"end":{"line":26,"column":56}},"type":"binary-expr","locations":[{"start":{"line":26,"column":22},"end":{"line":26,"column":50}},{"start":{"line":26,"column":54},"end":{"line":26,"column":56}}],"line":26},"3":{"loc":{"start":{"line":48,"column":15},"end":{"line":48,"column":62}},"type":"binary-expr","locations":[{"start":{"line":48,"column":15},"end":{"line":48,"column":30}},{"start":{"line":48,"column":34},"end":{"line":48,"column":62}}],"line":48},"4":{"loc":{"start":{"line":55,"column":15},"end":{"line":55,"column":62}},"type":"binary-expr","locations":[{"start":{"line":55,"column":15},"end":{"line":55,"column":30}},{"start":{"line":55,"column":34},"end":{"line":55,"column":62}}],"line":55},"5":{"loc":{"start":{"line":77,"column":13},"end":{"line":77,"column":31}},"type":"binary-expr","locations":[{"start":{"line":77,"column":13},"end":{"line":77,"column":25}},{"start":{"line":77,"column":29},"end":{"line":77,"column":31}}],"line":77},"6":{"loc":{"start":{"line":78,"column":13},"end":{"line":78,"column":32}},"type":"binary-expr","locations":[{"start":{"line":78,"column":13},"end":{"line":78,"column":26}},{"start":{"line":78,"column":30},"end":{"line":78,"column":32}}],"line":78},"7":{"loc":{"start":{"line":79,"column":4},"end":{"line":79,"column":21}},"type":"binary-expr","locations":[{"start":{"line":79,"column":4},"end":{"line":79,"column":15}},{"start":{"line":79,"column":19},"end":{"line":79,"column":21}}],"line":79},"8":{"loc":{"start":{"line":82,"column":25},"end":{"line":82,"column":43}},"type":"binary-expr","locations":[{"start":{"line":82,"column":25},"end":{"line":82,"column":37}},{"start":{"line":82,"column":41},"end":{"line":82,"column":43}}],"line":82},"9":{"loc":{"start":{"line":84,"column":8},"end":{"line":98,"column":9}},"type":"if","locations":[{"start":{"line":84,"column":8},"end":{"line":98,"column":9}},{"start":{"line":84,"column":8},"end":{"line":98,"column":9}}],"line":84},"10":{"loc":{"start":{"line":86,"column":15},"end":{"line":98,"column":9}},"type":"if","locations":[{"start":{"line":86,"column":15},"end":{"line":98,"column":9}},{"start":{"line":86,"column":15},"end":{"line":98,"column":9}}],"line":86},"11":{"loc":{"start":{"line":105,"column":2},"end":{"line":107,"column":66}},"type":"cond-expr","locations":[{"start":{"line":106,"column":6},"end":{"line":106,"column":40}},{"start":{"line":107,"column":6},"end":{"line":107,"column":66}}],"line":105},"12":{"loc":{"start":{"line":123,"column":0},"end":{"line":123,"column":51}},"type":"if","locations":[{"start":{"line":123,"column":0},"end":{"line":123,"column":51}},{"start":{"line":123,"column":0},"end":{"line":123,"column":51}}],"line":123}},"s":{"0":3,"1":3,"2":3,"3":18,"4":3,"5":22980,"6":3,"7":2,"8":3,"9":27,"10":3,"11":22,"12":23,"13":22,"14":34,"15":345,"16":1113,"17":1113,"18":1113,"19":2376,"20":1113,"21":1113,"22":1122,"23":1122,"24":1142,"25":1142,"26":1113,"27":1113,"28":1122,"29":1122,"30":1234,"31":1234,"32":1113,"33":3,"34":10,"35":10,"36":27,"37":3,"38":1,"39":22,"40":1,"41":20,"42":40,"43":9,"44":31,"45":16,"46":18240,"47":15,"48":17100,"49":3,"50":22816,"51":3,"52":17,"53":3,"54":1,"55":3,"56":0,"57":0,"58":0,"59":0,"60":3,"61":0},"f":{"0":18,"1":22980,"2":2,"3":27,"4":22,"5":23,"6":34,"7":345,"8":1113,"9":10,"10":27,"11":1,"12":22,"13":20,"14":40,"15":18240,"16":17100,"17":22816,"18":17,"19":1,"20":0},"b":{"0":[18,14],"1":[23,16],"2":[23,1],"3":[2264,2264],"4":[2356,1234],"5":[1,0],"6":[1,0],"7":[1,1],"8":[1,0],"9":[9,31],"10":[16,15],"11":[16,22800],"12":[0,3]},"_coverageSchema":"1a1c01bbd47fc00a2c39e90264f33305004495a9","hash":"b5d4a6cbaddcd6e0d0e8971c42c671a1861f1b93"}
,"/Users/tom/Personal/ainsley/src/tools.js": {"path":"/Users/tom/Personal/ainsley/src/tools.js","statementMap":{"0":{"start":{"line":10,"column":20},"end":{"line":10,"column":30}},"1":{"start":{"line":12,"column":21},"end":{"line":17,"column":1}},"2":{"start":{"line":19,"column":22},"end":{"line":51,"column":1}},"3":{"start":{"line":21,"column":2},"end":{"line":21,"column":39}},"4":{"start":{"line":22,"column":2},"end":{"line":22,"column":41}},"5":{"start":{"line":23,"column":2},"end":{"line":28,"column":5}},"6":{"start":{"line":24,"column":4},"end":{"line":24,"column":63}},"7":{"start":{"line":25,"column":4},"end":{"line":25,"column":64}},"8":{"start":{"line":26,"column":4},"end":{"line":26,"column":62}},"9":{"start":{"line":27,"column":4},"end":{"line":27,"column":63}},"10":{"start":{"line":31,"column":17},"end":{"line":44,"column":3}},"11":{"start":{"line":33,"column":6},"end":{"line":42,"column":8}},"12":{"start":{"line":47,"column":2},"end":{"line":47,"column":15}},"13":{"start":{"line":50,"column":2},"end":{"line":50,"column":16}}},"fnMap":{"0":{"name":"(anonymous_0)","decl":{"start":{"line":19,"column":22},"end":{"line":19,"column":23}},"loc":{"start":{"line":19,"column":34},"end":{"line":51,"column":1}},"line":19},"1":{"name":"(anonymous_1)","decl":{"start":{"line":23,"column":19},"end":{"line":23,"column":20}},"loc":{"start":{"line":23,"column":33},"end":{"line":28,"column":3}},"line":23},"2":{"name":"(anonymous_2)","decl":{"start":{"line":32,"column":4},"end":{"line":32,"column":5}},"loc":{"start":{"line":33,"column":6},"end":{"line":42,"column":8}},"line":33}},"branchMap":{"0":{"loc":{"start":{"line":37,"column":36},"end":{"line":37,"column":51}},"type":"binary-expr","locations":[{"start":{"line":37,"column":36},"end":{"line":37,"column":45}},{"start":{"line":37,"column":49},"end":{"line":37,"column":51}}],"line":37},"1":{"loc":{"start":{"line":38,"column":38},"end":{"line":38,"column":54}},"type":"binary-expr","locations":[{"start":{"line":38,"column":38},"end":{"line":38,"column":48}},{"start":{"line":38,"column":52},"end":{"line":38,"column":54}}],"line":38},"2":{"loc":{"start":{"line":39,"column":34},"end":{"line":39,"column":48}},"type":"binary-expr","locations":[{"start":{"line":39,"column":34},"end":{"line":39,"column":42}},{"start":{"line":39,"column":46},"end":{"line":39,"column":48}}],"line":39},"3":{"loc":{"start":{"line":40,"column":36},"end":{"line":40,"column":51}},"type":"binary-expr","locations":[{"start":{"line":40,"column":36},"end":{"line":40,"column":45}},{"start":{"line":40,"column":49},"end":{"line":40,"column":51}}],"line":40}},"s":{"0":2,"1":2,"2":2,"3":8,"4":6,"5":6,"6":10,"7":10,"8":10,"9":10,"10":6,"11":9,"12":4,"13":4},"f":{"0":8,"1":10,"2":9},"b":{"0":[9,3],"1":[9,3],"2":[9,3],"3":[9,3]},"_coverageSchema":"1a1c01bbd47fc00a2c39e90264f33305004495a9","hash":"f9a5706ed41b025f20a74d446dcb8e7716e5903b"}
}
