TN:
SF:src/base.js
FNF:0
FNH:0
LF:0
LH:0
BRF:0
BRH:0
end_of_record
TN:
SF:src/lint.js
FN:6,(anonymous_0)
FN:8,(anonymous_1)
FN:19,(anonymous_2)
FN:30,(anonymous_3)
FN:41,(anonymous_4)
FN:52,(anonymous_5)
FNF:6
FNH:6
FNDA:63,(anonymous_0)
FNDA:10,(anonymous_1)
FNDA:10,(anonymous_2)
FNDA:9,(anonymous_3)
FNDA:10,(anonymous_4)
FNDA:11,(anonymous_5)
DA:5,1
DA:6,63
DA:8,1
DA:10,10
DA:14,10
DA:15,1
DA:19,1
DA:21,10
DA:25,10
DA:26,1
DA:30,1
DA:32,9
DA:36,9
DA:37,1
DA:41,1
DA:43,10
DA:47,10
DA:48,1
DA:52,1
DA:53,11
DA:55,11
DA:56,11
DA:57,10
DA:58,63
DA:59,23
DA:60,1
DA:62,40
DA:63,10
DA:64,10
DA:65,10
DA:66,2
DA:67,35
DA:68,1
DA:74,30
DA:75,10
DA:76,20
DA:77,9
DA:78,11
DA:79,10
DA:81,1
DA:85,1
DA:88,11
LF:42
LH:42
BRDA:10,0,0,10
BRDA:10,0,1,9
BRDA:10,0,2,9
BRDA:14,1,0,1
BRDA:14,1,1,9
BRDA:21,2,0,10
BRDA:21,2,1,9
BRDA:21,2,2,9
BRDA:25,3,0,1
BRDA:25,3,1,9
BRDA:32,4,0,9
BRDA:32,4,1,8
BRDA:32,4,2,8
BRDA:36,5,0,1
BRDA:36,5,1,8
BRDA:43,6,0,10
BRDA:43,6,1,9
BRDA:43,6,2,9
BRDA:47,7,0,1
BRDA:47,7,1,9
BRDA:58,8,0,23
BRDA:58,8,1,40
BRDA:59,9,0,1
BRDA:59,9,1,22
BRDA:62,10,0,10
BRDA:62,10,1,30
BRDA:65,11,0,2
BRDA:65,11,1,8
BRDA:67,12,0,1
BRDA:67,12,1,34
BRDA:74,13,0,10
BRDA:74,13,1,20
BRDA:76,14,0,9
BRDA:76,14,1,11
BRDA:78,15,0,10
BRDA:78,15,1,1
BRDA:88,16,0,8
BRDA:88,16,1,3
BRF:38
BRH:38
end_of_record
TN:
SF:src/tools.js
FN:12,(anonymous_0)
FN:15,(anonymous_1)
FN:24,(anonymous_2)
FNF:3
FNH:1
FNDA:1,(anonymous_0)
FNDA:0,(anonymous_1)
FNDA:0,(anonymous_2)
DA:10,1
DA:12,1
DA:14,1
DA:15,1
DA:16,0
DA:17,0
DA:18,0
DA:19,0
DA:23,1
DA:25,0
DA:44,1
DA:47,1
LF:12
LH:7
BRDA:24,0,0,0
BRDA:29,1,0,0
BRDA:29,1,1,0
BRDA:30,2,0,0
BRDA:30,2,1,0
BRDA:31,3,0,0
BRDA:31,3,1,0
BRDA:32,4,0,0
BRDA:32,4,1,0
BRF:9
BRH:0
end_of_record
TN:
SF:src/utils.js
FN:5,(anonymous_0)
FN:25,(anonymous_1)
FN:37,(anonymous_2)
FN:45,(anonymous_3)
FN:53,(anonymous_4)
FN:53,(anonymous_5)
FN:57,(anonymous_6)
FNF:7
FNH:7
FNDA:33,(anonymous_0)
FNDA:3,(anonymous_1)
FNDA:8,(anonymous_2)
FNDA:4,(anonymous_3)
FNDA:10,(anonymous_4)
FNDA:21,(anonymous_5)
FNDA:5,(anonymous_6)
DA:5,2
DA:7,33
DA:10,32
DA:13,20
DA:16,18
DA:17,18
DA:18,18
DA:19,27
DA:22,18
DA:25,2
DA:27,3
DA:28,2
DA:31,1
DA:32,1
DA:33,4
DA:34,1
DA:37,2
DA:39,8
DA:42,7
DA:45,2
DA:47,4
DA:48,3
DA:51,2
DA:52,2
DA:53,21
DA:54,2
DA:57,2
DA:59,5
DA:60,4
DA:63,2
DA:64,2
DA:65,2
DA:66,4
DA:67,5
DA:69,2
LF:35
LH:35
BRDA:10,0,0,12
BRDA:10,0,1,20
BRF:2
BRH:2
end_of_record
