TN:
SF:src/base.js
FNF:0
FNH:0
LF:0
LH:0
BRF:0
BRH:0
end_of_record
TN:
SF:src/compiler.js
FN:16,(anonymous_0)
FN:17,(anonymous_1)
FN:18,(anonymous_2)
FN:19,(anonymous_3)
FN:22,(anonymous_4)
FN:24,(anonymous_5)
FN:33,(anonymous_6)
FN:34,(anonymous_7)
FN:41,(anonymous_8)
FN:66,(anonymous_9)
FN:68,(anonymous_10)
FN:75,(anonymous_11)
FN:77,(anonymous_12)
FN:82,(anonymous_13)
FN:83,(anonymous_14)
FN:90,(anonymous_15)
FN:94,(anonymous_16)
FN:104,(anonymous_17)
FN:110,(anonymous_18)
FN:113,(anonymous_19)
FN:116,(anonymous_20)
FNF:21
FNH:21
FNDA:36,(anonymous_0)
FNDA:45960,(anonymous_1)
FNDA:4,(anonymous_2)
FNDA:54,(anonymous_3)
FNDA:44,(anonymous_4)
FNDA:46,(anonymous_5)
FNDA:68,(anonymous_6)
FNDA:690,(anonymous_7)
FNDA:2226,(anonymous_8)
FNDA:20,(anonymous_9)
FNDA:54,(anonymous_10)
FNDA:3,(anonymous_11)
FNDA:44,(anonymous_12)
FNDA:41,(anonymous_13)
FNDA:80,(anonymous_14)
FNDA:36480,(anonymous_15)
FNDA:34200,(anonymous_16)
FNDA:45632,(anonymous_17)
FNDA:34,(anonymous_18)
FNDA:2,(anonymous_19)
FNDA:1,(anonymous_20)
DA:3,4
DA:13,4
DA:16,36
DA:17,45960
DA:18,4
DA:19,54
DA:22,4
DA:23,44
DA:24,46
DA:31,44
DA:34,690
DA:42,2226
DA:43,2226
DA:44,4752
DA:46,2226
DA:47,2244
DA:48,2244
DA:49,2284
DA:50,2284
DA:53,2226
DA:54,2244
DA:55,2244
DA:56,2468
DA:57,2468
DA:60,2226
DA:66,4
DA:67,20
DA:68,54
DA:75,4
DA:76,3
DA:77,44
DA:81,3
DA:83,41
DA:84,80
DA:85,18
DA:86,62
DA:87,32
DA:90,36480
DA:94,34200
DA:104,4
DA:105,45632
DA:110,34
DA:113,4
DA:116,4
DA:117,1
DA:118,1
DA:119,4576
LF:47
LH:47
BRDA:16,0,0,36
BRDA:16,0,1,28
BRDA:25,1,0,46
BRDA:25,1,1,32
BRDA:26,2,0,46
BRDA:26,2,1,2
BRDA:48,3,0,4528
BRDA:48,3,1,4528
BRDA:55,4,0,4712
BRDA:55,4,1,2468
BRDA:77,5,0,3
BRDA:77,5,1,1
BRDA:78,6,0,3
BRDA:78,6,1,1
BRDA:79,7,0,3
BRDA:79,7,1,3
BRDA:82,8,0,3
BRDA:82,8,1,1
BRDA:84,9,0,18
BRDA:84,9,1,62
BRDA:86,10,0,32
BRDA:86,10,1,30
BRDA:105,11,0,32
BRDA:105,11,1,45600
BRF:24
BRH:24
end_of_record
TN:
SF:src/compiler.lite.js
FNF:0
FNH:0
LF:0
LH:0
BRF:0
BRH:0
end_of_record
TN:
SF:src/lint.js
FN:6,(anonymous_0)
FN:8,(anonymous_1)
FN:19,(anonymous_2)
FN:30,(anonymous_3)
FN:41,(anonymous_4)
FN:52,(anonymous_5)
FNF:6
FNH:6
FNDA:80,(anonymous_0)
FNDA:13,(anonymous_1)
FNDA:13,(anonymous_2)
FNDA:12,(anonymous_3)
FNDA:13,(anonymous_4)
FNDA:14,(anonymous_5)
DA:5,2
DA:6,80
DA:8,2
DA:10,13
DA:14,13
DA:15,1
DA:19,2
DA:21,13
DA:25,13
DA:26,1
DA:30,2
DA:32,12
DA:36,12
DA:37,1
DA:41,2
DA:43,13
DA:47,13
DA:48,1
DA:52,2
DA:53,14
DA:55,14
DA:56,14
DA:57,13
DA:58,80
DA:59,28
DA:60,1
DA:62,52
DA:63,13
DA:64,13
DA:65,13
DA:66,5
DA:67,40
DA:68,1
DA:74,39
DA:75,13
DA:76,26
DA:77,12
DA:78,14
DA:79,13
DA:81,1
DA:85,1
DA:88,14
LF:42
LH:42
BRDA:10,0,0,13
BRDA:10,0,1,12
BRDA:10,0,2,12
BRDA:14,1,0,1
BRDA:14,1,1,12
BRDA:21,2,0,13
BRDA:21,2,1,12
BRDA:21,2,2,12
BRDA:25,3,0,1
BRDA:25,3,1,12
BRDA:32,4,0,12
BRDA:32,4,1,11
BRDA:32,4,2,11
BRDA:36,5,0,1
BRDA:36,5,1,11
BRDA:43,6,0,13
BRDA:43,6,1,12
BRDA:43,6,2,12
BRDA:47,7,0,1
BRDA:47,7,1,12
BRDA:58,8,0,28
BRDA:58,8,1,52
BRDA:59,9,0,1
BRDA:59,9,1,27
BRDA:62,10,0,13
BRDA:62,10,1,39
BRDA:65,11,0,5
BRDA:65,11,1,8
BRDA:67,12,0,1
BRDA:67,12,1,39
BRDA:74,13,0,13
BRDA:74,13,1,26
BRDA:76,14,0,12
BRDA:76,14,1,14
BRDA:78,15,0,13
BRDA:78,15,1,1
BRDA:88,16,0,8
BRDA:88,16,1,6
BRF:38
BRH:38
end_of_record
TN:
SF:src/tools.js
FN:19,(anonymous_0)
FN:23,(anonymous_1)
FN:32,(anonymous_2)
FNF:3
FNH:3
FNDA:8,(anonymous_0)
FNDA:10,(anonymous_1)
FNDA:9,(anonymous_2)
DA:10,2
DA:12,2
DA:19,2
DA:21,8
DA:22,6
DA:23,6
DA:24,10
DA:25,10
DA:26,10
DA:27,10
DA:31,6
DA:33,9
DA:47,4
DA:50,4
LF:14
LH:14
BRDA:37,0,0,9
BRDA:37,0,1,3
BRDA:38,1,0,9
BRDA:38,1,1,3
BRDA:39,2,0,9
BRDA:39,2,1,3
BRDA:40,3,0,9
BRDA:40,3,1,3
BRF:8
BRH:8
end_of_record
TN:
SF:src/utils.js
FN:5,(anonymous_0)
FN:25,(anonymous_1)
FN:37,(anonymous_2)
FN:45,(anonymous_3)
FN:53,(anonymous_4)
FN:53,(anonymous_5)
FN:57,(anonymous_6)
FNF:7
FNH:7
FNDA:13443,(anonymous_0)
FNDA:45961,(anonymous_1)
FNDA:125,(anonymous_2)
FNDA:51,(anonymous_3)
FNDA:718,(anonymous_4)
FNDA:2425,(anonymous_5)
FNDA:14,(anonymous_6)
DA:5,5
DA:7,13443
DA:10,13442
DA:13,6716
DA:16,6714
DA:17,6714
DA:18,6714
DA:19,11211
DA:22,6714
DA:25,5
DA:27,45961
DA:28,45960
DA:31,45959
DA:32,45959
DA:33,160937
DA:34,45959
DA:37,5
DA:39,125
DA:42,124
DA:45,5
DA:47,51
DA:48,51
DA:51,50
DA:52,50
DA:53,2425
DA:54,50
DA:57,5
DA:59,14
DA:60,13
DA:63,9
DA:64,9
DA:65,9
DA:66,25
DA:67,94
DA:69,9
LF:35
LH:35
BRDA:10,0,0,6726
BRDA:10,0,1,6716
BRF:2
BRH:2
end_of_record
